[20:07:08] [ServerMain/INFO]: [bootstrap] Running Java 21 (Java HotSpot(TM) 64-Bit Server VM 21.0.8+12-LTS-250; Oracle Corporation null) on Windows 11 10.0 (amd64)
[20:07:08] [ServerMain/INFO]: [bootstrap] Loading Paper 1.21.8-60-main@29c8822 (2025-09-06T21:49:13Z) for Minecraft 1.21.8
[20:07:10] [ServerMain/INFO]: [PluginInitializerManager] Initializing plugins...
[20:07:11] [Paper Plugin Remapper Thread - 2/INFO]: [PluginRemapper] Remapping plugin 'plugins\Vault.jar'...
[20:07:13] [Paper Plugin Remapper Thread - 2/INFO]: [PluginRemapper] Done remapping plugin 'plugins\Vault.jar' in 1964ms.
[20:07:13] [Paper Plugin Remapper Thread - 1/INFO]: [PluginRemapper] Remapping plugin 'F:\Hearts\build\libs\Hearts-1.1.0.jar'...
[20:07:14] [Paper Plugin Remapper Thread - 1/INFO]: [PluginRemapper] Done remapping plugin 'F:\Hearts\build\libs\Hearts-1.1.0.jar' in 527ms.
[20:07:14] [ServerMain/INFO]: [PluginInitializerManager] Initialized 2 plugins
[20:07:14] [ServerMain/INFO]: [PluginInitializerManager] Bukkit plugins (2):
 - Hearts (1.2.0), Vault (1.7.3-b131)
[20:07:32] [ServerMain/INFO]: Environment: Environment[sessionHost=https://sessionserver.mojang.com, servicesHost=https://api.minecraftservices.com, name=PROD]
[20:07:33] [ServerMain/INFO]: Found new data pack file/bukkit, loading it automatically
[20:07:33] [ServerMain/INFO]: Found new data pack paper, loading it automatically
[20:07:37] [ServerMain/INFO]: No existing world data, creating new world
[20:07:41] [ServerMain/INFO]: Loaded 1407 recipes
[20:07:41] [ServerMain/INFO]: Loaded 1520 advancements
[20:07:41] [ServerMain/INFO]: [ca.spottedleaf.dataconverter.minecraft.datatypes.MCTypeRegistry] Initialising converters for DataConverter...
[20:07:42] [ServerMain/INFO]: [ca.spottedleaf.dataconverter.minecraft.datatypes.MCTypeRegistry] Finished initialising converters for DataConverter in 1,028.6ms
[20:07:42] [Server thread/INFO]: Starting minecraft server version 1.21.8
[20:07:42] [Server thread/INFO]: Loading properties
[20:07:42] [Server thread/INFO]: This server is running Paper version 1.21.8-60-main@29c8822 (2025-09-06T21:49:13Z) (Implementing API version 1.21.8-R0.1-SNAPSHOT)
[20:07:43] [Server thread/INFO]: [spark] This server bundles the spark profiler. For more information please visit https://docs.papermc.io/paper/profiling
[20:07:43] [Server thread/INFO]: Server Ping Player Sample Count: 12
[20:07:43] [Server thread/INFO]: Using 4 threads for Netty based IO
[20:07:44] [Server thread/INFO]: [MoonriseCommon] Paper is using 1 worker threads, 1 I/O threads
[20:07:44] [Server thread/INFO]: [ChunkTaskScheduler] Chunk system is using population gen parallelism: true
[20:07:44] [Server thread/INFO]: Default game type: SURVIVAL
[20:07:44] [Server thread/INFO]: Generating keypair
[20:07:44] [Server thread/INFO]: Starting Minecraft server on *:25565
[20:07:44] [Server thread/INFO]: Using default channel type
[20:07:44] [Server thread/INFO]: Paper: Using Java compression from Velocity.
[20:07:44] [Server thread/INFO]: Paper: Using Java cipher from Velocity.
[20:07:45] [Server thread/INFO]: [Vault] Loading server plugin Vault v1.7.3-b131
[20:07:45] [Server thread/INFO]: [Hearts] Loading server plugin Hearts v1.2.0
[20:07:45] [Server thread/INFO]: [Vault] Enabling Vault v1.7.3-b131
[20:07:45] [Server thread/INFO]: [Vault] [Permission] SuperPermissions loaded as backup permission system.
[20:07:45] [Server thread/INFO]: [Vault] Enabled Version 1.7.3-b131
[20:07:45] [Server thread/INFO]: Preparing level "world"
[20:08:04] [Server thread/INFO]: Preparing start region for dimension minecraft:overworld
[20:08:04] [Server thread/INFO]: Preparing spawn area: 2%
[20:08:05] [Server thread/INFO]: Preparing spawn area: 2%
[20:08:05] [Server thread/INFO]: Preparing spawn area: 2%
[20:08:06] [Server thread/INFO]: Preparing spawn area: 2%
[20:08:06] [Server thread/INFO]: Preparing spawn area: 2%
[20:08:07] [Server thread/INFO]: Preparing spawn area: 2%
[20:08:07] [Server thread/INFO]: Preparing spawn area: 6%
[20:08:08] [Server thread/INFO]: Preparing spawn area: 18%
[20:08:08] [Server thread/INFO]: Preparing spawn area: 18%
[20:08:09] [Server thread/INFO]: Preparing spawn area: 18%
[20:08:09] [Server thread/INFO]: Preparing spawn area: 20%
[20:08:10] [Server thread/INFO]: Preparing spawn area: 20%
[20:08:11] [Server thread/INFO]: Preparing spawn area: 20%
[20:08:11] [Server thread/INFO]: Preparing spawn area: 26%
[20:08:12] [Server thread/INFO]: Preparing spawn area: 32%
[20:08:12] [Server thread/INFO]: Preparing spawn area: 32%
[20:08:12] [Server thread/INFO]: Preparing spawn area: 51%
[20:08:13] [Server thread/INFO]: Preparing spawn area: 51%
[20:08:13] [Server thread/INFO]: Preparing spawn area: 57%
[20:08:14] [Server thread/INFO]: Preparing spawn area: 57%
[20:08:14] [Server thread/INFO]: Preparing spawn area: 57%
[20:08:15] [Server thread/INFO]: Preparing spawn area: 57%
[20:08:15] [Server thread/INFO]: Preparing spawn area: 63%
[20:08:15] [Server thread/INFO]: Time elapsed: 11120 ms
[20:08:15] [Server thread/INFO]: Preparing start region for dimension minecraft:the_nether
[20:08:15] [Server thread/INFO]: Preparing spawn area: 2%
[20:08:16] [Server thread/INFO]: Preparing spawn area: 2%
[20:08:16] [Server thread/INFO]: Preparing spawn area: 2%
[20:08:17] [Server thread/INFO]: Preparing spawn area: 16%
[20:08:17] [Server thread/INFO]: Preparing spawn area: 18%
[20:08:18] [Server thread/INFO]: Preparing spawn area: 42%
[20:08:18] [Server thread/INFO]: Preparing spawn area: 51%
[20:08:19] [Server thread/INFO]: Preparing spawn area: 61%
[20:08:19] [Server thread/INFO]: Time elapsed: 3896 ms
[20:08:19] [Server thread/INFO]: Preparing start region for dimension minecraft:the_end
[20:08:19] [Server thread/INFO]: Preparing spawn area: 2%
[20:08:20] [Server thread/INFO]: Preparing spawn area: 51%
[20:08:20] [Server thread/INFO]: Time elapsed: 751 ms
[20:08:20] [Server thread/INFO]: [Hearts] Enabling Hearts v1.2.0
[20:08:20] [Server thread/INFO]: Vault found. Hooking into economy...
[20:08:20] [Server thread/INFO]: [Hearts] Hearts plugin enabled!
[20:08:21] [Server thread/INFO]: [spark] Starting background profiler...
[20:08:21] [Server thread/INFO]: [spark] The async-profiler engine is not supported for your os/arch (windows11/amd64), so the built-in Java engine will be used instead.
[20:08:21] [Server thread/INFO]: Done preparing level "world" (35.516s)
[20:08:21] [Server thread/INFO]: Running delayed init tasks
[20:08:21] [Server thread/INFO]: Done (73.927s)! For help, type "help"
[20:08:21] [Server thread/INFO]: *************************************************************************************
[20:08:21] [Server thread/INFO]: This is the first time you're starting this server.
[20:08:21] [Server thread/INFO]: It's recommended you read our 'Getting Started' documentation for guidance.
[20:08:21] [Server thread/INFO]: View this and more helpful information here: https://docs.papermc.io/paper/next-steps
[20:08:21] [Server thread/INFO]: *************************************************************************************
[20:08:21] [Craft Scheduler Thread - 4 - Vault/INFO]: [Vault] Checking for Updates ... 
[20:08:23] [Craft Scheduler Thread - 4 - Vault/INFO]: [Vault] No new version available
